<?xml version="1.0" encoding="UTF-8"?>
<!-- Generated by org.testng.reporters.JUnitXMLReporter -->
<testsuite hostname="Infva06796" ignored="0" name="Test" tests="1" failures="1" timestamp="15 Mar 2019 10:06:20 GMT" time="5.697" errors="0">
  <testcase name="f" time="1.941" classname="march15.FirstScript">
    <failure type="java.lang.NullPointerException">
      <![CDATA[java.lang.NullPointerException
	at util.BrowserSetup.getScreenShot(BrowserSetup.java:32)
	at march15.FirstScript.f(FirstScript.java:25)
... Removed 28 stack frames]]>
    </failure>
  </testcase> <!-- f -->
</testsuite> <!-- Test -->
