<?xml version="1.0" encoding="UTF-8"?>
<testng-results skipped="0" failed="0" ignored="0" total="1" passed="1">
  <reporter-output>
  </reporter-output>
  <suite name="Default suite" duration-ms="184" started-at="2019-03-15T12:03:00Z" finished-at="2019-03-15T12:03:01Z">
    <groups>
    </groups>
    <test name="Default test" duration-ms="184" started-at="2019-03-15T12:03:00Z" finished-at="2019-03-15T12:03:01Z">
      <class name="march15.Ref">
        <test-method status="PASS" signature="f()[pri:0, instance:march15.Ref@62e136d3]" name="f" duration-ms="86" started-at="2019-03-15T17:33:00Z" finished-at="2019-03-15T17:33:00Z">
          <reporter-output>
          </reporter-output>
        </test-method> <!-- f -->
      </class> <!-- march15.Ref -->
    </test> <!-- Default test -->
  </suite> <!-- Default suite -->
</testng-results>
